{"level":"info","message":"Listening on :::8080"}
{"level":"info","message":"app.init error"}
{"level":"error","message":"TypeError"}
{"level":"error","message":"Cannot read properties of undefined (reading 'setupExpressErrorHandler')"}
{"level":"error","message":"TypeError: Cannot read properties of undefined (reading 'setupExpressErrorHandler')\n    at App.init (C:\\Users\\airwo\\Documents\\GitHub\\slave-api\\src\\App.ts:32:15)\n    at Object.<anonymous> (C:\\Users\\airwo\\Documents\\GitHub\\slave-api\\src\\server.ts:24:5)\n    at Module._compile (node:internal/modules/cjs/loader:1546:14)\n    at Module.m._compile (C:\\Users\\airwo\\Documents\\GitHub\\slave-api\\node_modules\\ts-node\\src\\index.ts:1618:23)\n    at Module._extensions..js (node:internal/modules/cjs/loader:1691:10)\n    at Object.require.extensions.<computed> [as .ts] (C:\\Users\\airwo\\Documents\\GitHub\\slave-api\\node_modules\\ts-node\\src\\index.ts:1621:12)\n    at Module.load (node:internal/modules/cjs/loader:1317:32)\n    at Function.Module._load (node:internal/modules/cjs/loader:1127:12)\n    at TracingChannel.traceSync (node:diagnostics_channel:315:14)\n    at wrapModuleLoad (node:internal/modules/cjs/loader:217:24)"}
{"level":"info","message":"Listening on :::3000"}
{"level":"info","message":"Listening on :::3000"}
{"level":"info","message":"Listening on :::3000"}
{"level":"info","message":"Listening on :::3000"}
{"level":"error","message":"Unhandled Promise Rejection: reason:"}
{"level":"error","message":"TypeError: listener is not a function\n    at Server.<anonymous> (file:///C:/Users/airwo/AppData/Roaming/npm/node_modules/vercel/node_modules/@vercel/node/dist/dev-server.mjs:1072:12)\n    at processTicksAndRejections (node:internal/process/task_queues:95:5)"}
{"level":"error","message":"Unhandled Promise Rejection: reason:"}
{"level":"error","message":"TypeError: listener is not a function\n    at Server.<anonymous> (file:///C:/Users/airwo/AppData/Roaming/npm/node_modules/vercel/node_modules/@vercel/node/dist/dev-server.mjs:1072:12)\n    at processTicksAndRejections (node:internal/process/task_queues:95:5)"}
{"level":"info","message":"Listening on :::8080"}
{"level":"error","message":"Unhandled Promise Rejection: reason:"}
{"level":"error","message":"TypeError: listener is not a function\n    at Server.<anonymous> (file:///C:/Users/airwo/AppData/Roaming/npm/node_modules/vercel/node_modules/@vercel/node/dist/dev-server.mjs:1072:12)\n    at processTicksAndRejections (node:internal/process/task_queues:95:5)"}
{"level":"error","message":"Unhandled Promise Rejection: reason:"}
{"level":"error","message":"TypeError: listener is not a function\n    at Server.<anonymous> (file:///C:/Users/airwo/AppData/Roaming/npm/node_modules/vercel/node_modules/@vercel/node/dist/dev-server.mjs:1072:12)\n    at processTicksAndRejections (node:internal/process/task_queues:95:5)"}
{"level":"error","message":"Unhandled Promise Rejection: reason:"}
{"level":"error","message":"TypeError: listener is not a function\n    at Server.<anonymous> (file:///C:/Users/airwo/AppData/Roaming/npm/node_modules/vercel/node_modules/@vercel/node/dist/dev-server.mjs:1072:12)\n    at processTicksAndRejections (node:internal/process/task_queues:95:5)"}
